<?xml version="1.0" encoding="UTF-8"?>
<!-- Generated by org.testng.reporters.JUnitXMLReporter -->
<testsuite hostname="ZZshmanoj01" name="TITLE VADIDATION" tests="1" failures="1" timestamp="2 Apr 2020 19:39:38 GMT" time="15.214" errors="0">
  <testcase name="baseNavigationDriver" time="0.46" classname="Academy.E2EProject.Validatetitle">
    <failure type="java.lang.AssertionError" message="expected [Featured Course] but found [Featured Courses]">
      <![CDATA[java.lang.AssertionError: expected [Featured Course] but found [Featured Courses]
	at Academy.E2EProject.Validatetitle.baseNavigationDriver(Validatetitle.java:31)
... Removed 29 stack frames]]>
    </failure>
  </testcase> <!-- baseNavigationDriver -->
</testsuite> <!-- TITLE VADIDATION -->
