<?xml version="1.0" encoding="UTF-8"?>
<!-- Generated by org.testng.reporters.JUnitXMLReporter -->
<testsuite hostname="ZZshmanoj01" name="Test" tests="4" failures="0" timestamp="26 Mar 2020 19:23:44 GMT" time="198.153" errors="0">
  <testcase name="baseNavigationDriver" time="105.078" classname="Academy.E2EProject.HomePage"/>
  <testcase name="baseNavigationDriver" time="28.62" classname="Academy.E2EProject.HomePage"/>
  <testcase name="navigationBar" time="1.039" classname="Academy.E2EProject.ValidateNavbar"/>
  <testcase name="baseNavigationDriver" time="0.933" classname="Academy.E2EProject.Validatetitle"/>
</testsuite> <!-- Test -->
